<?xml version="1.0" encoding="UTF-8"?>
<!-- Generated by org.testng.reporters.JUnitXMLReporter -->
<testsuite ignored="17" hostname="LAPTOP-6590I993" failures="0" tests="19" name="Allactions tests" time="0.118" errors="0" timestamp="2022-12-07T13:21:54 EST">
  <testcase classname="com.assessment01.testsuite.TC0010_FileDownloadTest" name="@BeforeTest LaunchBrowser" time="0.003">
    <failure type="java.lang.Error" message="Unresolved compilation problem: 
	Cannot switch on a value of type String for source level below 1.7. Only convertible int values or enum variables are permitted
">
      <![CDATA[java.lang.Error: Unresolved compilation problem: 
Cannot switch on a value of type String for source level below 1.7. Only convertible int values or enum variables are permitted

at com.Assessment01.reusableclass.BaseClass.LaunchBrowser(BaseClass.java:44)
at com.assessment01.testsuite.TC0010_FileDownloadTest.LaunchBrowser(TC0010_FileDownloadTest.java:24)
... Removed 22 stack frames]]>
    </failure>
  </testcase> <!-- @BeforeTest LaunchBrowser -->
  <testcase classname="com.assessment01.testsuite.TC0011_FileUploadTest" name="@BeforeTest LaunchBrowser" time="-1.670437314177E9">
    <skipped/>
  </testcase> <!-- @BeforeTest LaunchBrowser -->
  <testcase classname="com.assessment01.testsuite.TC0012_FloatingMenuTest" name="@BeforeTest LaunchBrowser" time="-1.670437314179E9">
    <skipped/>
  </testcase> <!-- @BeforeTest LaunchBrowser -->
  <testcase classname="com.assessment01.testsuite.TC0013_IframeTest" name="@BeforeTest LaunchBrowser" time="-1.67043731418E9">
    <skipped/>
  </testcase> <!-- @BeforeTest LaunchBrowser -->
  <testcase classname="com.assessment01.testsuite.TC0014_MouseHoverTest" name="@BeforeTest LaunchBrowser" time="-1.67043731418E9">
    <skipped/>
  </testcase> <!-- @BeforeTest LaunchBrowser -->
  <testcase classname="com.assessment01.testsuite.TC0015_JavaScriptAlertsTest" name="@BeforeTest LaunchBrowser" time="-1.670437314182E9">
    <skipped/>
  </testcase> <!-- @BeforeTest LaunchBrowser -->
  <testcase classname="com.assessment01.testsuite.TC0016_JavaScriptErrorTest" name="@BeforeTest LaunchBrowser" time="-1.670437314183E9">
    <skipped/>
  </testcase> <!-- @BeforeTest LaunchBrowser -->
  <testcase classname="com.assessment01.testsuite.TC0017_OpenNewTabTest" name="@BeforeTest LaunchBrowser" time="-1.670437314185E9">
    <skipped/>
  </testcase> <!-- @BeforeTest LaunchBrowser -->
  <testcase classname="com.assessment01.testsuite.TC0018_NotificationMessageTest" name="@BeforeTest LaunchBrowser" time="-1.670437314186E9">
    <skipped/>
  </testcase> <!-- @BeforeTest LaunchBrowser -->
  <testcase classname="com.assessment01.testsuite.TC002_InvalidLoginTest" name="@BeforeTest LaunchBrowser" time="-1.670437314187E9">
    <skipped/>
  </testcase> <!-- @BeforeTest LaunchBrowser -->
  <testcase classname="com.assessment01.testsuite.TC003_AllActionsTest2" name="@BeforeTest LaunchBrowser" time="-1.670437314188E9">
    <skipped/>
  </testcase> <!-- @BeforeTest LaunchBrowser -->
  <testcase classname="com.assessment01.testsuite.TC003_CheckboxesTest" name="@BeforeTest LaunchBrowser" time="-1.670437314189E9">
    <skipped/>
  </testcase> <!-- @BeforeTest LaunchBrowser -->
  <testcase classname="com.assessment01.testsuite.TC004_ContextMenuTest" name="@BeforeTest LaunchBrowser" time="-1.67043731419E9">
    <skipped/>
  </testcase> <!-- @BeforeTest LaunchBrowser -->
  <testcase classname="com.assessment01.testsuite.TC005_DragDropTest" name="@BeforeTest LaunchBrowser" time="-1.670437314191E9">
    <skipped/>
  </testcase> <!-- @BeforeTest LaunchBrowser -->
  <testcase classname="com.assessment01.testsuite.TC006_DropdownTest" name="@BeforeTest LaunchBrowser" time="-1.670437314192E9">
    <skipped/>
  </testcase> <!-- @BeforeTest LaunchBrowser -->
  <testcase classname="com.assessment01.testsuite.TC007_DynamicContentTest" name="@BeforeTest LaunchBrowser" time="-1.670437314193E9">
    <skipped/>
  </testcase> <!-- @BeforeTest LaunchBrowser -->
  <testcase classname="com.assessment01.testsuite.TC008_DynamicControlsTest" name="@BeforeTest LaunchBrowser" time="-1.670437314194E9">
    <skipped/>
  </testcase> <!-- @BeforeTest LaunchBrowser -->
  <testcase classname="com.assessment01.testsuite.TC009_DynamicLoadingTest" name="@BeforeTest LaunchBrowser" time="-1.670437314195E9">
    <skipped/>
  </testcase> <!-- @BeforeTest LaunchBrowser -->
  <testcase classname="com.assessment01.testsuite.TC0010_FileDownloadTest" name="@AfterTest tearDown" time="-1.67043731427E9">
    <skipped/>
  </testcase> <!-- @AfterTest tearDown -->
  <testcase classname="com.assessment01.testsuite.TC0012_FloatingMenuTest" name="@AfterTest tearDown" time="-1.67043731427E9">
    <skipped/>
  </testcase> <!-- @AfterTest tearDown -->
  <testcase classname="com.assessment01.testsuite.TC0013_IframeTest" name="@AfterTest tearDown" time="-1.670437314271E9">
    <skipped/>
  </testcase> <!-- @AfterTest tearDown -->
  <testcase classname="com.assessment01.testsuite.TC0014_MouseHoverTest" name="@AfterTest tearDown" time="-1.670437314271E9">
    <skipped/>
  </testcase> <!-- @AfterTest tearDown -->
  <testcase classname="com.assessment01.testsuite.TC0015_JavaScriptAlertsTest" name="@AfterTest tearDown" time="-1.670437314271E9">
    <skipped/>
  </testcase> <!-- @AfterTest tearDown -->
  <testcase classname="com.assessment01.testsuite.TC0016_JavaScriptErrorTest" name="@AfterTest tearDown" time="-1.670437314272E9">
    <skipped/>
  </testcase> <!-- @AfterTest tearDown -->
  <testcase classname="com.assessment01.testsuite.TC0017_OpenNewTabTest" name="@AfterTest tearDown" time="-1.670437314272E9">
    <skipped/>
  </testcase> <!-- @AfterTest tearDown -->
  <testcase classname="com.assessment01.testsuite.TC0018_NotificationMessageTest" name="@AfterTest tearDown" time="-1.670437314273E9">
    <skipped/>
  </testcase> <!-- @AfterTest tearDown -->
  <testcase classname="com.assessment01.testsuite.TC003_CheckboxesTest" name="@AfterTest tearDown" time="-1.670437314276E9">
    <skipped/>
  </testcase> <!-- @AfterTest tearDown -->
  <testcase classname="com.assessment01.testsuite.TC004_ContextMenuTest" name="@AfterTest tearDown" time="-1.670437314277E9">
    <skipped/>
  </testcase> <!-- @AfterTest tearDown -->
  <testcase classname="com.assessment01.testsuite.TC005_DragDropTest" name="@AfterTest tearDown" time="-1.670437314278E9">
    <skipped/>
  </testcase> <!-- @AfterTest tearDown -->
  <testcase classname="com.assessment01.testsuite.TC006_DropdownTest" name="@AfterTest tearDown" time="-1.670437314278E9">
    <skipped/>
  </testcase> <!-- @AfterTest tearDown -->
  <testcase classname="com.assessment01.testsuite.TC007_DynamicContentTest" name="@AfterTest tearDown" time="-1.670437314278E9">
    <skipped/>
  </testcase> <!-- @AfterTest tearDown -->
  <testcase classname="com.assessment01.testsuite.TC008_DynamicControlsTest" name="@AfterTest tearDown" time="-1.670437314279E9">
    <skipped/>
  </testcase> <!-- @AfterTest tearDown -->
  <testcase classname="com.assessment01.testsuite.TC009_DynamicLoadingTest" name="@AfterTest tearDown" time="-1.670437314279E9">
    <skipped/>
  </testcase> <!-- @AfterTest tearDown -->
  <testcase classname="com.assessment01.testsuite.TC0010_FileDownloadTest" name="submitLogin" time="0.0">
    <skipped/>
  </testcase> <!-- submitLogin -->
  <testcase classname="com.assessment01.testsuite.TC0011_FileUploadTest" name="fileUpload" time="0.0">
    <skipped/>
  </testcase> <!-- fileUpload -->
  <testcase classname="com.assessment01.testsuite.TC0012_FloatingMenuTest" name="submitLogin" time="0.0">
    <skipped/>
  </testcase> <!-- submitLogin -->
  <testcase classname="com.assessment01.testsuite.TC0013_IframeTest" name="submitLogin" time="0.0">
    <skipped/>
  </testcase> <!-- submitLogin -->
  <testcase classname="com.assessment01.testsuite.TC0014_MouseHoverTest" name="mouseHover" time="0.0">
    <skipped/>
  </testcase> <!-- mouseHover -->
  <testcase classname="com.assessment01.testsuite.TC0015_JavaScriptAlertsTest" name="testJSAlerts" time="0.0">
    <skipped/>
  </testcase> <!-- testJSAlerts -->
  <testcase classname="com.assessment01.testsuite.TC0016_JavaScriptErrorTest" name="testJSError" time="0.0">
    <skipped/>
  </testcase> <!-- testJSError -->
  <testcase classname="com.assessment01.testsuite.TC0017_OpenNewTabTest" name="submitLogin" time="0.0">
    <skipped/>
  </testcase> <!-- submitLogin -->
  <testcase classname="com.assessment01.testsuite.TC0018_NotificationMessageTest" name="submitLogin" time="0.0">
    <skipped/>
  </testcase> <!-- submitLogin -->
  <testcase classname="com.assessment01.testsuite.TC002_InvalidLoginTest" name="enterLoginDetails" time="0.0">
    <skipped/>
  </testcase> <!-- enterLoginDetails -->
  <testcase classname="com.assessment01.testsuite.TC002_InvalidLoginTest" name="submitLogin" time="0.0">
    <skipped/>
  </testcase> <!-- submitLogin -->
  <testcase classname="com.assessment01.testsuite.TC003_AllActionsTest2" name="submitLogin" time="0.0">
    <skipped/>
  </testcase> <!-- submitLogin -->
  <testcase classname="com.assessment01.testsuite.TC003_CheckboxesTest" name="submitLogin" time="0.0">
    <skipped/>
  </testcase> <!-- submitLogin -->
  <testcase classname="com.assessment01.testsuite.TC004_ContextMenuTest" name="submitLogin" time="0.0">
    <skipped/>
  </testcase> <!-- submitLogin -->
  <testcase classname="com.assessment01.testsuite.TC005_DragDropTest" name="dragNdrop" time="0.0">
    <skipped/>
  </testcase> <!-- dragNdrop -->
  <testcase classname="com.assessment01.testsuite.TC006_DropdownTest" name="submitLogin" time="0.0">
    <skipped/>
  </testcase> <!-- submitLogin -->
  <testcase classname="com.assessment01.testsuite.TC007_DynamicContentTest" name="submitLogin" time="0.0">
    <skipped/>
  </testcase> <!-- submitLogin -->
  <testcase classname="com.assessment01.testsuite.TC008_DynamicControlsTest" name="testDynamicControls" time="0.0">
    <skipped/>
  </testcase> <!-- testDynamicControls -->
  <testcase classname="com.assessment01.testsuite.TC009_DynamicLoadingTest" name="submitLogin" time="0.0">
    <skipped/>
  </testcase> <!-- submitLogin -->
  <testcase classname="com.Assessment01.reusableclass.BaseClass" name="@BeforeSuite LoadConfigurations" time="0.0">
    <ignored/>
  </testcase> <!-- @BeforeSuite LoadConfigurations -->
  <testcase classname="com.Assessment01.reusableclass.BaseClass" name="@BeforeSuite LoadConfigurations" time="0.0">
    <ignored/>
  </testcase> <!-- @BeforeSuite LoadConfigurations -->
  <testcase classname="com.Assessment01.reusableclass.BaseClass" name="@BeforeSuite LoadConfigurations" time="0.0">
    <ignored/>
  </testcase> <!-- @BeforeSuite LoadConfigurations -->
  <testcase classname="com.Assessment01.reusableclass.BaseClass" name="@BeforeSuite LoadConfigurations" time="0.0">
    <ignored/>
  </testcase> <!-- @BeforeSuite LoadConfigurations -->
  <testcase classname="com.Assessment01.reusableclass.BaseClass" name="@BeforeSuite LoadConfigurations" time="0.0">
    <ignored/>
  </testcase> <!-- @BeforeSuite LoadConfigurations -->
  <testcase classname="com.Assessment01.reusableclass.BaseClass" name="@BeforeSuite LoadConfigurations" time="0.0">
    <ignored/>
  </testcase> <!-- @BeforeSuite LoadConfigurations -->
  <testcase classname="com.Assessment01.reusableclass.BaseClass" name="@BeforeSuite LoadConfigurations" time="0.0">
    <ignored/>
  </testcase> <!-- @BeforeSuite LoadConfigurations -->
  <testcase classname="com.Assessment01.reusableclass.BaseClass" name="@BeforeSuite LoadConfigurations" time="0.0">
    <ignored/>
  </testcase> <!-- @BeforeSuite LoadConfigurations -->
  <testcase classname="com.Assessment01.reusableclass.BaseClass" name="@BeforeSuite LoadConfigurations" time="0.0">
    <ignored/>
  </testcase> <!-- @BeforeSuite LoadConfigurations -->
  <testcase classname="com.Assessment01.reusableclass.BaseClass" name="@BeforeSuite LoadConfigurations" time="0.0">
    <ignored/>
  </testcase> <!-- @BeforeSuite LoadConfigurations -->
  <testcase classname="com.Assessment01.reusableclass.BaseClass" name="@BeforeSuite LoadConfigurations" time="0.0">
    <ignored/>
  </testcase> <!-- @BeforeSuite LoadConfigurations -->
  <testcase classname="com.Assessment01.reusableclass.BaseClass" name="@BeforeSuite LoadConfigurations" time="0.0">
    <ignored/>
  </testcase> <!-- @BeforeSuite LoadConfigurations -->
  <testcase classname="com.Assessment01.reusableclass.BaseClass" name="@BeforeSuite LoadConfigurations" time="0.0">
    <ignored/>
  </testcase> <!-- @BeforeSuite LoadConfigurations -->
  <testcase classname="com.Assessment01.reusableclass.BaseClass" name="@BeforeSuite LoadConfigurations" time="0.0">
    <ignored/>
  </testcase> <!-- @BeforeSuite LoadConfigurations -->
  <testcase classname="com.Assessment01.reusableclass.BaseClass" name="@BeforeSuite LoadConfigurations" time="0.0">
    <ignored/>
  </testcase> <!-- @BeforeSuite LoadConfigurations -->
  <testcase classname="com.Assessment01.reusableclass.BaseClass" name="@BeforeSuite LoadConfigurations" time="0.0">
    <ignored/>
  </testcase> <!-- @BeforeSuite LoadConfigurations -->
  <testcase classname="com.Assessment01.reusableclass.BaseClass" name="@BeforeSuite LoadConfigurations" time="0.0">
    <ignored/>
  </testcase> <!-- @BeforeSuite LoadConfigurations -->
</testsuite> <!-- Allactions tests -->
