<?xml version="1.0" encoding="UTF-8"?>
<!-- Generated by org.testng.reporters.JUnitXMLReporter -->
<testsuite ignored="0" hostname="LAPTOP-6590I993" failures="0" tests="2" name="TC002_AllActions" time="7.668" errors="0" timestamp="2022-12-07T18:36:53 EST">
  <testcase classname="com.assessment01.testsuite.TC002_InvalidLoginTest" name="enterLoginDetails" time="2.342"/>
  <testcase classname="com.assessment01.testsuite.TC002_InvalidLoginTest" name="submitLogin" time="2.213"/>
</testsuite> <!-- TC002_AllActions -->
