<?xml version="1.0" encoding="UTF-8"?>
<!-- Generated by org.testng.reporters.JUnitXMLReporter -->
<testsuite ignored="0" hostname="LAPTOP-6590I993" failures="0" tests="2" name="TC001_LoginSuccessful_validCredentials" time="7.215" errors="0" timestamp="2022-12-02T17:04:09 EST">
  <testcase classname="com.assessment01.testsuite.TC001_LoginSucessful" name="enterLoginDetails" time="2.214"/>
  <testcase classname="com.assessment01.testsuite.TC001_LoginSucessful" name="submitLogin" time="2.191"/>
</testsuite> <!-- TC001_LoginSuccessful_validCredentials -->
