<?xml version="1.0" encoding="UTF-8"?>
<!-- Generated by org.testng.reporters.JUnitXMLReporter -->
<testsuite ignored="0" hostname="LAPTOP-6590I993" failures="1" tests="1" name="TC003_CheckboxesTest" time="7.496" errors="0" timestamp="2022-12-08T20:21:42 EST">
  <testcase classname="com.tests.assessment.TC003_CheckboxesTest" name="checkBoxesTest" time="4.299">
    <failure type="java.lang.IndexOutOfBoundsException" message="Index 2 out of bounds for length 2">
      <![CDATA[java.lang.IndexOutOfBoundsException: Index 2 out of bounds for length 2
at java.base/jdk.internal.util.Preconditions.outOfBounds(Preconditions.java:100)
at java.base/jdk.internal.util.Preconditions.outOfBoundsCheckIndex(Preconditions.java:106)
at java.base/jdk.internal.util.Preconditions.checkIndex(Preconditions.java:302)
at java.base/java.util.Objects.checkIndex(Objects.java:359)
at java.base/java.util.ArrayList.get(ArrayList.java:427)
at com.tests.assessment.TC003_CheckboxesTest.checkBoxesTest(TC003_CheckboxesTest.java:42)
at java.base/java.util.ArrayList.forEach(ArrayList.java:1511)
... Removed 25 stack frames]]>
    </failure>
  </testcase> <!-- checkBoxesTest -->
</testsuite> <!-- TC003_CheckboxesTest -->
