<?xml version="1.0" encoding="UTF-8"?>
<!-- Generated by org.testng.reporters.JUnitXMLReporter -->
<testsuite ignored="0" hostname="LAPTOP-6590I993" failures="0" tests="4" name="TC001_LoginSucessful" time="20.727" errors="0" timestamp="2022-12-07T18:26:40 EST">
  <testcase classname="com.assessment01.testsuite.TC001_Login" name="enterLoginDetails" time="2.319"/>
  <testcase classname="com.assessment01.testsuite.TC001_Login" name="submitLogin" time="5.549"/>
  <testcase classname="com.assessment01.testsuite.TC001_Login" name="enterinvalidLoginDetails" time="2.245"/>
  <testcase classname="com.assessment01.testsuite.TC001_Login" name="invalidLogin" time="3.267"/>
</testsuite> <!-- TC001_LoginSucessful -->
