<?xml version="1.0" encoding="UTF-8"?>
<testng-results ignored="0" total="1" passed="0" failed="1" skipped="0">
  <reporter-output>
  </reporter-output>
  <suite started-at="2022-12-08T20:21:34 EST" name="Suite" finished-at="2022-12-08T20:21:42 EST" duration-ms="7496">
    <groups>
    </groups>
    <test started-at="2022-12-08T20:21:34 EST" name="TC003_CheckboxesTest" finished-at="2022-12-08T20:21:42 EST" duration-ms="7496">
      <class name="com.tests.assessment.TC003_CheckboxesTest">
        <test-method is-config="true" signature="LoadConfigurations()[pri:0, instance:com.tests.assessment.TC003_CheckboxesTest@5c5eefef]" started-at="2022-12-08T20:21:34 EST" name="LoadConfigurations" finished-at="2022-12-08T20:21:34 EST" duration-ms="8" status="PASS">
          <reporter-output>
          </reporter-output>
        </test-method> <!-- LoadConfigurations -->
        <test-method is-config="true" signature="LaunchBrowser(java.lang.String)[pri:0, instance:com.tests.assessment.TC003_CheckboxesTest@5c5eefef]" started-at="2022-12-08T20:21:34 EST" name="LaunchBrowser" finished-at="2022-12-08T20:21:37 EST" duration-ms="2865" status="PASS">
          <params>
            <param index="0">
              <value>
                <![CDATA[chrome]]>
              </value>
            </param>
          </params>
          <reporter-output>
          </reporter-output>
        </test-method> <!-- LaunchBrowser -->
        <test-method signature="checkBoxesTest()[pri:0, instance:com.tests.assessment.TC003_CheckboxesTest@5c5eefef]" started-at="2022-12-08T20:21:37 EST" name="checkBoxesTest" finished-at="2022-12-08T20:21:41 EST" duration-ms="4299" status="FAIL">
          <exception class="java.lang.IndexOutOfBoundsException">
            <message>
              <![CDATA[Index 2 out of bounds for length 2]]>
            </message>
            <full-stacktrace>
              <![CDATA[java.lang.IndexOutOfBoundsException: Index 2 out of bounds for length 2
at java.base/jdk.internal.util.Preconditions.outOfBounds(Preconditions.java:100)
at java.base/jdk.internal.util.Preconditions.outOfBoundsCheckIndex(Preconditions.java:106)
at java.base/jdk.internal.util.Preconditions.checkIndex(Preconditions.java:302)
at java.base/java.util.Objects.checkIndex(Objects.java:359)
at java.base/java.util.ArrayList.get(ArrayList.java:427)
at com.tests.assessment.TC003_CheckboxesTest.checkBoxesTest(TC003_CheckboxesTest.java:42)
at java.base/jdk.internal.reflect.DirectMethodHandleAccessor.invoke(DirectMethodHandleAccessor.java:104)
at java.base/java.lang.reflect.Method.invoke(Method.java:577)
at org.testng.internal.MethodInvocationHelper.invokeMethod(MethodInvocationHelper.java:133)
at org.testng.internal.TestInvoker.invokeMethod(TestInvoker.java:598)
at org.testng.internal.TestInvoker.invokeTestMethod(TestInvoker.java:173)
at org.testng.internal.MethodRunner.runInSequence(MethodRunner.java:46)
at org.testng.internal.TestInvoker$MethodInvocationAgent.invoke(TestInvoker.java:824)
at org.testng.internal.TestInvoker.invokeTestMethods(TestInvoker.java:146)
at org.testng.internal.TestMethodWorker.invokeTestMethods(TestMethodWorker.java:146)
at org.testng.internal.TestMethodWorker.run(TestMethodWorker.java:128)
at java.base/java.util.ArrayList.forEach(ArrayList.java:1511)
at org.testng.TestRunner.privateRun(TestRunner.java:794)
at org.testng.TestRunner.run(TestRunner.java:596)
at org.testng.SuiteRunner.runTest(SuiteRunner.java:377)
at org.testng.SuiteRunner.runSequentially(SuiteRunner.java:371)
at org.testng.SuiteRunner.privateRun(SuiteRunner.java:332)
at org.testng.SuiteRunner.run(SuiteRunner.java:276)
at org.testng.SuiteRunnerWorker.runSuite(SuiteRunnerWorker.java:53)
at org.testng.SuiteRunnerWorker.run(SuiteRunnerWorker.java:96)
at org.testng.TestNG.runSuitesSequentially(TestNG.java:1212)
at org.testng.TestNG.runSuitesLocally(TestNG.java:1134)
at org.testng.TestNG.runSuites(TestNG.java:1063)
at org.testng.TestNG.run(TestNG.java:1031)
at org.testng.remote.AbstractRemoteTestNG.run(AbstractRemoteTestNG.java:115)
at org.testng.remote.RemoteTestNG.initAndRun(RemoteTestNG.java:251)
at org.testng.remote.RemoteTestNG.main(RemoteTestNG.java:77)
]]>
            </full-stacktrace>
          </exception> <!-- java.lang.IndexOutOfBoundsException -->
          <reporter-output>
          </reporter-output>
        </test-method> <!-- checkBoxesTest -->
        <test-method is-config="true" signature="tearDown()[pri:0, instance:com.tests.assessment.TC003_CheckboxesTest@5c5eefef]" started-at="2022-12-08T20:21:41 EST" name="tearDown" finished-at="2022-12-08T20:21:42 EST" duration-ms="310" status="PASS">
          <reporter-output>
          </reporter-output>
        </test-method> <!-- tearDown -->
      </class> <!-- com.tests.assessment.TC003_CheckboxesTest -->
    </test> <!-- TC003_CheckboxesTest -->
  </suite> <!-- Suite -->
</testng-results>
